<?xml version="1.0" encoding="UTF-8"?>
<!-- Generated by org.testng.reporters.JUnitReportReporter -->
<testsuite hostname="DESKTOP-NO681DI" failures="0" tests="1" name="testCases.TC_002_Login" time="10.272" errors="0" timestamp="2022-02-13T16:14:40 GMT" skipped="0">
  <testcase classname="testCases.TC_002_Login" name="HomePage1" time="10.272"/>
  <system-out/>
</testsuite> <!-- testCases.TC_002_Login -->
