<?xml version="1.0" encoding="UTF-8"?>
<!-- Generated by org.testng.reporters.JUnitReportReporter -->
<testsuite hostname="DESKTOP-NO681DI" failures="0" tests="1" name="testCases.TC_001_AccountRegistration" time="10.863" errors="0" timestamp="2022-02-13T16:14:40 GMT" skipped="0">
  <testcase classname="testCases.TC_001_AccountRegistration" name="test_account_registration" time="10.863"/>
  <system-out/>
</testsuite> <!-- testCases.TC_001_AccountRegistration -->
